<?xml version="1.0" encoding="UTF-8"?>
<testsuite name="com.mood.MoodAnalyserTest" tests="1" skipped="1" failures="0" errors="0" timestamp="2019-12-27T07:03:35" hostname="admin1-Inspiron-3542" time="22456.01">
  <properties/>
  <testcase name="givenMoodAnalyser_WhenProper_ShouldReturnObject" classname="com.mood.MoodAnalyserTest" time="22456.01">
    <skipped/>
  </testcase>
  <system-out><![CDATA[]]></system-out>
  <system-err><![CDATA[]]></system-err>
</testsuite>
