<?xml version="1.0" encoding="UTF-8"?>
<testsuite name="com.mood.MoodAnalyserTest" tests="1" skipped="0" failures="0" errors="0" timestamp="2019-12-30T06:38:43" hostname="admin1-Inspiron-3542" time="0.003">
  <properties/>
  <testcase name="givenConstructor_withoutParam_ShouldReturnObject" classname="com.mood.MoodAnalyserTest" time="0.003"/>
  <system-out><![CDATA[]]></system-out>
  <system-err><![CDATA[]]></system-err>
</testsuite>
